<?xml version="1.0" encoding="UTF-8"?>
<!-- Generated by org.testng.reporters.JUnitReportReporter -->
<testsuite hostname="FleetStudio-21" failures="0" tests="5" name="fleetwally.wally.ForgetPasswordValidation" time="4.438" errors="0" timestamp="2023-03-30T11:01:24 IST" skipped="0">
  <testcase classname="fleetwally.wally.ForgetPasswordValidation" name="launch" time="0.173"/>
  <system-out/>
  <testcase classname="fleetwally.wally.ForgetPasswordValidation" name="test_1" time="0.153"/>
  <system-out/>
  <testcase classname="fleetwally.wally.ForgetPasswordValidation" name="test_2" time="1.122"/>
  <system-out/>
  <testcase classname="fleetwally.wally.ForgetPasswordValidation" name="test_3" time="2.015"/>
  <system-out/>
  <testcase classname="fleetwally.wally.ForgetPasswordValidation" name="test_4" time="0.975"/>
  <system-out/>
</testsuite> <!-- fleetwally.wally.ForgetPasswordValidation -->
