<?xml version="1.0" encoding="UTF-8"?>
<!-- Generated by org.testng.reporters.JUnitReportReporter -->
<testsuite hostname="FleetStudio-21" failures="0" tests="3" name="fleetwally.wally.LoginValidation" time="30.184" errors="0" timestamp="2023-03-21T16:47:01 IST" skipped="0">
  <testcase classname="fleetwally.wally.LoginValidation" name="LoginApplication" time="5.417"/>
  <system-out/>
  <testcase classname="fleetwally.wally.LoginValidation" name="logout" time="8.624"/>
  <system-out/>
  <testcase classname="fleetwally.wally.LoginValidation" name="singupApplication" time="16.143"/>
  <system-out/>
</testsuite> <!-- fleetwally.wally.LoginValidation -->
