<?xml version="1.0" encoding="UTF-8"?>
<!-- Generated by org.testng.reporters.JUnitReportReporter -->
<testsuite hostname="FleetStudio-21" failures="0" tests="2" name="fleetwally.wally.LoginValidation" time="11.916" errors="0" timestamp="2023-03-30T11:00:29 IST" skipped="0">
  <testcase classname="fleetwally.wally.LoginValidation" name="LoginApplication" time="5.473"/>
  <system-out/>
  <testcase classname="fleetwally.wally.LoginValidation" name="logout" time="6.443"/>
  <system-out/>
</testsuite> <!-- fleetwally.wally.LoginValidation -->
