<?xml version="1.0" encoding="UTF-8"?>
<!-- Generated by org.testng.reporters.JUnitReportReporter -->
<testsuite hostname="FleetStudio-21" failures="0" tests="1" name="fleetwally.wally.LoginApplication" time="3.868" errors="0" timestamp="2023-03-06T11:44:37 IST" skipped="0">
  <testcase classname="fleetwally.wally.LoginApplication" name="LoginTest" time="3.868"/>
  <system-out/>
</testsuite> <!-- fleetwally.wally.LoginApplication -->
