<?xml version="1.0" encoding="UTF-8"?>
<!-- Generated by org.testng.reporters.JUnitReportReporter -->
<testsuite hostname="FleetStudio-21" failures="0" tests="1" name="fleetwally.wally.WallyBrowser" time="6.851" errors="0" timestamp="2023-02-27T21:26:49 IST" skipped="0">
  <testcase classname="fleetwally.wally.WallyBrowser" name="lauchWallyBrowser" time="6.851"/>
  <system-out/>
</testsuite> <!-- fleetwally.wally.WallyBrowser -->
