<?xml version="1.0" encoding="UTF-8"?>
<!-- Generated by org.testng.reporters.JUnitReportReporter -->
<testsuite hostname="DESKTOP-K5HF3LH" failures="0" tests="5" name="fleetwally.wally.ForgetPasswordValidation" time="6.834" errors="0" timestamp="2023-06-22T21:57:03 IST" skipped="0">
  <testcase classname="fleetwally.wally.ForgetPasswordValidation" name="launch" time="0.155"/>
  <system-out/>
  <testcase classname="fleetwally.wally.ForgetPasswordValidation" name="test_1" time="0.217"/>
  <system-out/>
  <testcase classname="fleetwally.wally.ForgetPasswordValidation" name="test_2" time="1.852"/>
  <system-out/>
  <testcase classname="fleetwally.wally.ForgetPasswordValidation" name="test_3" time="4.318"/>
  <system-out/>
  <testcase classname="fleetwally.wally.ForgetPasswordValidation" name="test_4" time="0.292"/>
  <system-out/>
</testsuite> <!-- fleetwally.wally.ForgetPasswordValidation -->
